<?xml version="1.0" encoding="UTF-8"?>
<testsuite xmlns:xsi="http://www.w3.org/2001/XMLSchema-instance" xsi:noNamespaceSchemaLocation="https://maven.apache.org/surefire/maven-surefire-plugin/xsd/surefire-test-report-3.0.xsd" version="3.0" name="com.formadoresit.camel.springboot.MySpringBootApplicationTest" time="9.026" tests="1" errors="1" skipped="0" failures="0">
  <properties>
    <property name="java.specification.version" value="17"/>
    <property name="sun.jnu.encoding" value="UTF-8"/>
    <property name="java.class.path" value="/home/luis/Development/Apache Camel/FormadoresIT/Marzo/Sesiones/rest/target/test-classes:/home/luis/Development/Apache Camel/FormadoresIT/Marzo/Sesiones/rest/target/classes:/home/luis/.m2/repository/org/springframework/boot/spring-boot-starter-web/3.4.3/spring-boot-starter-web-3.4.3.jar:/home/luis/.m2/repository/org/springframework/boot/spring-boot-starter/3.4.3/spring-boot-starter-3.4.3.jar:/home/luis/.m2/repository/org/springframework/boot/spring-boot/3.4.3/spring-boot-3.4.3.jar:/home/luis/.m2/repository/org/springframework/boot/spring-boot-autoconfigure/3.4.3/spring-boot-autoconfigure-3.4.3.jar:/home/luis/.m2/repository/org/springframework/boot/spring-boot-starter-logging/3.4.3/spring-boot-starter-logging-3.4.3.jar:/home/luis/.m2/repository/ch/qos/logback/logback-classic/1.5.16/logback-classic-1.5.16.jar:/home/luis/.m2/repository/ch/qos/logback/logback-core/1.5.16/logback-core-1.5.16.jar:/home/luis/.m2/repository/org/apache/logging/log4j/log4j-to-slf4j/2.24.3/log4j-to-slf4j-2.24.3.jar:/home/luis/.m2/repository/org/apache/logging/log4j/log4j-api/2.24.3/log4j-api-2.24.3.jar:/home/luis/.m2/repository/org/slf4j/jul-to-slf4j/2.0.16/jul-to-slf4j-2.0.16.jar:/home/luis/.m2/repository/jakarta/annotation/jakarta.annotation-api/2.1.1/jakarta.annotation-api-2.1.1.jar:/home/luis/.m2/repository/org/yaml/snakeyaml/2.3/snakeyaml-2.3.jar:/home/luis/.m2/repository/org/springframework/boot/spring-boot-starter-json/3.4.3/spring-boot-starter-json-3.4.3.jar:/home/luis/.m2/repository/com/fasterxml/jackson/core/jackson-databind/2.18.2/jackson-databind-2.18.2.jar:/home/luis/.m2/repository/com/fasterxml/jackson/core/jackson-annotations/2.18.2/jackson-annotations-2.18.2.jar:/home/luis/.m2/repository/com/fasterxml/jackson/core/jackson-core/2.18.2/jackson-core-2.18.2.jar:/home/luis/.m2/repository/com/fasterxml/jackson/datatype/jackson-datatype-jdk8/2.18.2/jackson-datatype-jdk8-2.18.2.jar:/home/luis/.m2/repository/com/fasterxml/jackson/datatype/jackson-datatype-jsr310/2.18.2/jackson-datatype-jsr310-2.18.2.jar:/home/luis/.m2/repository/com/fasterxml/jackson/module/jackson-module-parameter-names/2.18.2/jackson-module-parameter-names-2.18.2.jar:/home/luis/.m2/repository/org/springframework/spring-web/6.2.3/spring-web-6.2.3.jar:/home/luis/.m2/repository/org/springframework/spring-beans/6.2.3/spring-beans-6.2.3.jar:/home/luis/.m2/repository/org/springframework/spring-webmvc/6.2.3/spring-webmvc-6.2.3.jar:/home/luis/.m2/repository/org/springframework/spring-aop/6.2.3/spring-aop-6.2.3.jar:/home/luis/.m2/repository/org/springframework/spring-context/6.2.3/spring-context-6.2.3.jar:/home/luis/.m2/repository/org/springframework/spring-expression/6.2.3/spring-expression-6.2.3.jar:/home/luis/.m2/repository/org/springframework/boot/spring-boot-starter-undertow/3.4.3/spring-boot-starter-undertow-3.4.3.jar:/home/luis/.m2/repository/io/undertow/undertow-core/2.3.18.Final/undertow-core-2.3.18.Final.jar:/home/luis/.m2/repository/org/jboss/logging/jboss-logging/3.6.1.Final/jboss-logging-3.6.1.Final.jar:/home/luis/.m2/repository/org/jboss/xnio/xnio-api/3.8.16.Final/xnio-api-3.8.16.Final.jar:/home/luis/.m2/repository/org/wildfly/common/wildfly-common/1.5.4.Final/wildfly-common-1.5.4.Final.jar:/home/luis/.m2/repository/org/wildfly/client/wildfly-client-config/1.0.1.Final/wildfly-client-config-1.0.1.Final.jar:/home/luis/.m2/repository/org/jboss/xnio/xnio-nio/3.8.16.Final/xnio-nio-3.8.16.Final.jar:/home/luis/.m2/repository/org/jboss/threads/jboss-threads/3.5.0.Final/jboss-threads-3.5.0.Final.jar:/home/luis/.m2/repository/io/undertow/undertow-servlet/2.3.18.Final/undertow-servlet-2.3.18.Final.jar:/home/luis/.m2/repository/jakarta/servlet/jakarta.servlet-api/6.0.0/jakarta.servlet-api-6.0.0.jar:/home/luis/.m2/repository/io/undertow/undertow-websockets-jsr/2.3.18.Final/undertow-websockets-jsr-2.3.18.Final.jar:/home/luis/.m2/repository/jakarta/websocket/jakarta.websocket-api/2.1.1/jakarta.websocket-api-2.1.1.jar:/home/luis/.m2/repository/jakarta/websocket/jakarta.websocket-client-api/2.1.1/jakarta.websocket-client-api-2.1.1.jar:/home/luis/.m2/repository/org/apache/tomcat/embed/tomcat-embed-el/10.1.36/tomcat-embed-el-10.1.36.jar:/home/luis/.m2/repository/org/springframework/boot/spring-boot-starter-actuator/3.4.3/spring-boot-starter-actuator-3.4.3.jar:/home/luis/.m2/repository/org/springframework/boot/spring-boot-actuator-autoconfigure/3.4.3/spring-boot-actuator-autoconfigure-3.4.3.jar:/home/luis/.m2/repository/io/micrometer/micrometer-observation/1.14.4/micrometer-observation-1.14.4.jar:/home/luis/.m2/repository/io/micrometer/micrometer-commons/1.14.4/micrometer-commons-1.14.4.jar:/home/luis/.m2/repository/io/micrometer/micrometer-jakarta9/1.14.4/micrometer-jakarta9-1.14.4.jar:/home/luis/.m2/repository/org/springframework/boot/spring-boot-starter-data-jpa/3.4.3/spring-boot-starter-data-jpa-3.4.3.jar:/home/luis/.m2/repository/org/springframework/boot/spring-boot-starter-jdbc/3.4.3/spring-boot-starter-jdbc-3.4.3.jar:/home/luis/.m2/repository/com/zaxxer/HikariCP/5.1.0/HikariCP-5.1.0.jar:/home/luis/.m2/repository/org/springframework/spring-jdbc/6.2.3/spring-jdbc-6.2.3.jar:/home/luis/.m2/repository/org/hibernate/orm/hibernate-core/6.6.8.Final/hibernate-core-6.6.8.Final.jar:/home/luis/.m2/repository/jakarta/persistence/jakarta.persistence-api/3.1.0/jakarta.persistence-api-3.1.0.jar:/home/luis/.m2/repository/jakarta/transaction/jakarta.transaction-api/2.0.1/jakarta.transaction-api-2.0.1.jar:/home/luis/.m2/repository/org/hibernate/common/hibernate-commons-annotations/7.0.3.Final/hibernate-commons-annotations-7.0.3.Final.jar:/home/luis/.m2/repository/io/smallrye/jandex/3.2.0/jandex-3.2.0.jar:/home/luis/.m2/repository/com/fasterxml/classmate/1.7.0/classmate-1.7.0.jar:/home/luis/.m2/repository/net/bytebuddy/byte-buddy/1.15.11/byte-buddy-1.15.11.jar:/home/luis/.m2/repository/org/glassfish/jaxb/jaxb-runtime/4.0.5/jaxb-runtime-4.0.5.jar:/home/luis/.m2/repository/org/glassfish/jaxb/jaxb-core/4.0.5/jaxb-core-4.0.5.jar:/home/luis/.m2/repository/org/eclipse/angus/angus-activation/2.0.2/angus-activation-2.0.2.jar:/home/luis/.m2/repository/org/glassfish/jaxb/txw2/4.0.5/txw2-4.0.5.jar:/home/luis/.m2/repository/com/sun/istack/istack-commons-runtime/4.1.2/istack-commons-runtime-4.1.2.jar:/home/luis/.m2/repository/jakarta/inject/jakarta.inject-api/2.0.1/jakarta.inject-api-2.0.1.jar:/home/luis/.m2/repository/org/antlr/antlr4-runtime/4.13.0/antlr4-runtime-4.13.0.jar:/home/luis/.m2/repository/org/springframework/data/spring-data-jpa/3.4.3/spring-data-jpa-3.4.3.jar:/home/luis/.m2/repository/org/springframework/data/spring-data-commons/3.4.3/spring-data-commons-3.4.3.jar:/home/luis/.m2/repository/org/springframework/spring-orm/6.2.3/spring-orm-6.2.3.jar:/home/luis/.m2/repository/org/springframework/spring-tx/6.2.3/spring-tx-6.2.3.jar:/home/luis/.m2/repository/org/slf4j/slf4j-api/2.0.16/slf4j-api-2.0.16.jar:/home/luis/.m2/repository/org/springframework/spring-aspects/6.2.3/spring-aspects-6.2.3.jar:/home/luis/.m2/repository/org/aspectj/aspectjweaver/1.9.22.1/aspectjweaver-1.9.22.1.jar:/home/luis/.m2/repository/com/mysql/mysql-connector-j/9.2.0/mysql-connector-j-9.2.0.jar:/home/luis/.m2/repository/org/springframework/boot/spring-boot-starter-data-mongodb/3.4.3/spring-boot-starter-data-mongodb-3.4.3.jar:/home/luis/.m2/repository/org/mongodb/mongodb-driver-sync/5.2.1/mongodb-driver-sync-5.2.1.jar:/home/luis/.m2/repository/org/mongodb/bson/5.2.1/bson-5.2.1.jar:/home/luis/.m2/repository/org/mongodb/mongodb-driver-core/5.2.1/mongodb-driver-core-5.2.1.jar:/home/luis/.m2/repository/org/mongodb/bson-record-codec/5.2.1/bson-record-codec-5.2.1.jar:/home/luis/.m2/repository/org/springframework/data/spring-data-mongodb/4.4.3/spring-data-mongodb-4.4.3.jar:/home/luis/.m2/repository/org/apache/camel/springboot/camel-spring-boot-starter/4.10.2/camel-spring-boot-starter-4.10.2.jar:/home/luis/.m2/repository/org/apache/camel/springboot/camel-spring-boot/4.10.2/camel-spring-boot-4.10.2.jar:/home/luis/.m2/repository/org/apache/camel/camel-spring/4.10.2/camel-spring-4.10.2.jar:/home/luis/.m2/repository/org/apache/camel/camel-management-api/4.10.2/camel-management-api-4.10.2.jar:/home/luis/.m2/repository/org/apache/camel/camel-spring-main/4.10.2/camel-spring-main-4.10.2.jar:/home/luis/.m2/repository/org/apache/camel/camel-main/4.10.2/camel-main-4.10.2.jar:/home/luis/.m2/repository/org/apache/camel/camel-base/4.10.2/camel-base-4.10.2.jar:/home/luis/.m2/repository/org/apache/camel/camel-util-json/4.10.2/camel-util-json-4.10.2.jar:/home/luis/.m2/repository/org/apache/camel/camel-cloud/4.10.2/camel-cloud-4.10.2.jar:/home/luis/.m2/repository/org/apache/camel/camel-core-model/4.10.2/camel-core-model-4.10.2.jar:/home/luis/.m2/repository/org/apache/camel/camel-core-processor/4.10.2/camel-core-processor-4.10.2.jar:/home/luis/.m2/repository/org/apache/camel/camel-cluster/4.10.2/camel-cluster-4.10.2.jar:/home/luis/.m2/repository/org/apache/camel/camel-base-engine/4.10.2/camel-base-engine-4.10.2.jar:/home/luis/.m2/repository/org/apache/camel/camel-health/4.10.2/camel-health-4.10.2.jar:/home/luis/.m2/repository/org/apache/camel/springboot/camel-core-starter/4.10.2/camel-core-starter-4.10.2.jar:/home/luis/.m2/repository/org/apache/camel/camel-core-engine/4.10.2/camel-core-engine-4.10.2.jar:/home/luis/.m2/repository/org/apache/camel/camel-api/4.10.2/camel-api-4.10.2.jar:/home/luis/.m2/repository/org/apache/camel/camel-core-reifier/4.10.2/camel-core-reifier-4.10.2.jar:/home/luis/.m2/repository/org/apache/camel/camel-util/4.10.2/camel-util-4.10.2.jar:/home/luis/.m2/repository/org/apache/camel/springboot/camel-bean-starter/4.10.2/camel-bean-starter-4.10.2.jar:/home/luis/.m2/repository/org/apache/camel/camel-bean/4.10.2/camel-bean-4.10.2.jar:/home/luis/.m2/repository/org/apache/camel/springboot/camel-browse-starter/4.10.2/camel-browse-starter-4.10.2.jar:/home/luis/.m2/repository/org/apache/camel/camel-browse/4.10.2/camel-browse-4.10.2.jar:/home/luis/.m2/repository/org/apache/camel/springboot/camel-controlbus-starter/4.10.2/camel-controlbus-starter-4.10.2.jar:/home/luis/.m2/repository/org/apache/camel/camel-controlbus/4.10.2/camel-controlbus-4.10.2.jar:/home/luis/.m2/repository/org/apache/camel/springboot/camel-dataformat-starter/4.10.2/camel-dataformat-starter-4.10.2.jar:/home/luis/.m2/repository/org/apache/camel/camel-dataformat/4.10.2/camel-dataformat-4.10.2.jar:/home/luis/.m2/repository/org/apache/camel/springboot/camel-dataset-starter/4.10.2/camel-dataset-starter-4.10.2.jar:/home/luis/.m2/repository/org/apache/camel/camel-dataset/4.10.2/camel-dataset-4.10.2.jar:/home/luis/.m2/repository/org/apache/camel/springboot/camel-direct-starter/4.10.2/camel-direct-starter-4.10.2.jar:/home/luis/.m2/repository/org/apache/camel/camel-direct/4.10.2/camel-direct-4.10.2.jar:/home/luis/.m2/repository/org/apache/camel/springboot/camel-file-starter/4.10.2/camel-file-starter-4.10.2.jar:/home/luis/.m2/repository/org/apache/camel/camel-file/4.10.2/camel-file-4.10.2.jar:/home/luis/.m2/repository/org/apache/camel/springboot/camel-language-starter/4.10.2/camel-language-starter-4.10.2.jar:/home/luis/.m2/repository/org/apache/camel/camel-language/4.10.2/camel-language-4.10.2.jar:/home/luis/.m2/repository/org/apache/camel/springboot/camel-log-starter/4.10.2/camel-log-starter-4.10.2.jar:/home/luis/.m2/repository/org/apache/camel/camel-log/4.10.2/camel-log-4.10.2.jar:/home/luis/.m2/repository/org/apache/camel/springboot/camel-mock-starter/4.10.2/camel-mock-starter-4.10.2.jar:/home/luis/.m2/repository/org/apache/camel/camel-mock/4.10.2/camel-mock-4.10.2.jar:/home/luis/.m2/repository/org/apache/camel/springboot/camel-ref-starter/4.10.2/camel-ref-starter-4.10.2.jar:/home/luis/.m2/repository/org/apache/camel/camel-ref/4.10.2/camel-ref-4.10.2.jar:/home/luis/.m2/repository/org/apache/camel/springboot/camel-rest-starter/4.10.2/camel-rest-starter-4.10.2.jar:/home/luis/.m2/repository/org/apache/camel/camel-rest/4.10.2/camel-rest-4.10.2.jar:/home/luis/.m2/repository/org/apache/camel/camel-tooling-model/4.10.2/camel-tooling-model-4.10.2.jar:/home/luis/.m2/repository/org/apache/camel/springboot/camel-saga-starter/4.10.2/camel-saga-starter-4.10.2.jar:/home/luis/.m2/repository/org/apache/camel/camel-saga/4.10.2/camel-saga-4.10.2.jar:/home/luis/.m2/repository/org/apache/camel/springboot/camel-scheduler-starter/4.10.2/camel-scheduler-starter-4.10.2.jar:/home/luis/.m2/repository/org/apache/camel/camel-scheduler/4.10.2/camel-scheduler-4.10.2.jar:/home/luis/.m2/repository/org/apache/camel/springboot/camel-seda-starter/4.10.2/camel-seda-starter-4.10.2.jar:/home/luis/.m2/repository/org/apache/camel/camel-seda/4.10.2/camel-seda-4.10.2.jar:/home/luis/.m2/repository/org/apache/camel/springboot/camel-stub-starter/4.10.2/camel-stub-starter-4.10.2.jar:/home/luis/.m2/repository/org/apache/camel/camel-stub/4.10.2/camel-stub-4.10.2.jar:/home/luis/.m2/repository/org/apache/camel/springboot/camel-timer-starter/4.10.2/camel-timer-starter-4.10.2.jar:/home/luis/.m2/repository/org/apache/camel/camel-timer/4.10.2/camel-timer-4.10.2.jar:/home/luis/.m2/repository/org/apache/camel/springboot/camel-validator-starter/4.10.2/camel-validator-starter-4.10.2.jar:/home/luis/.m2/repository/org/apache/camel/camel-validator/4.10.2/camel-validator-4.10.2.jar:/home/luis/.m2/repository/org/apache/camel/springboot/camel-xpath-starter/4.10.2/camel-xpath-starter-4.10.2.jar:/home/luis/.m2/repository/org/apache/camel/camel-xpath/4.10.2/camel-xpath-4.10.2.jar:/home/luis/.m2/repository/org/apache/camel/springboot/camel-xslt-starter/4.10.2/camel-xslt-starter-4.10.2.jar:/home/luis/.m2/repository/org/apache/camel/camel-xslt/4.10.2/camel-xslt-4.10.2.jar:/home/luis/.m2/repository/org/apache/camel/springboot/camel-xml-jaxp-starter/4.10.2/camel-xml-jaxp-starter-4.10.2.jar:/home/luis/.m2/repository/org/apache/camel/camel-xml-jaxp/4.10.2/camel-xml-jaxp-4.10.2.jar:/home/luis/.m2/repository/org/apache/camel/camel-xml-jaxp-util/4.10.2/camel-xml-jaxp-util-4.10.2.jar:/home/luis/.m2/repository/org/apache/camel/camel-xml-io-util/4.10.2/camel-xml-io-util-4.10.2.jar:/home/luis/.m2/repository/org/apache/camel/springboot/camel-stream-starter/4.10.2/camel-stream-starter-4.10.2.jar:/home/luis/.m2/repository/org/apache/camel/camel-stream/4.10.2/camel-stream-4.10.2.jar:/home/luis/.m2/repository/org/apache/camel/camel-support/4.10.2/camel-support-4.10.2.jar:/home/luis/.m2/repository/org/apache/camel/springboot/camel-http-starter/4.10.2/camel-http-starter-4.10.2.jar:/home/luis/.m2/repository/org/apache/camel/camel-http/4.10.2/camel-http-4.10.2.jar:/home/luis/.m2/repository/org/apache/httpcomponents/client5/httpclient5/5.4.2/httpclient5-5.4.2.jar:/home/luis/.m2/repository/org/apache/httpcomponents/core5/httpcore5/5.3.3/httpcore5-5.3.3.jar:/home/luis/.m2/repository/org/apache/httpcomponents/core5/httpcore5-h2/5.3.3/httpcore5-h2-5.3.3.jar:/home/luis/.m2/repository/org/apache/camel/springboot/camel-jackson-starter/4.10.2/camel-jackson-starter-4.10.2.jar:/home/luis/.m2/repository/org/apache/camel/camel-jackson/4.10.2/camel-jackson-4.10.2.jar:/home/luis/.m2/repository/org/apache/camel/springboot/camel-servlet-starter/4.10.2/camel-servlet-starter-4.10.2.jar:/home/luis/.m2/repository/org/apache/camel/camel-servlet/4.10.2/camel-servlet-4.10.2.jar:/home/luis/.m2/repository/org/apache/camel/springboot/camel-mongodb-starter/4.10.2/camel-mongodb-starter-4.10.2.jar:/home/luis/.m2/repository/org/apache/camel/camel-mongodb/4.10.2/camel-mongodb-4.10.2.jar:/home/luis/.m2/repository/org/apache/camel/springboot/camel-sql-starter/4.10.2/camel-sql-starter-4.10.2.jar:/home/luis/.m2/repository/org/apache/camel/camel-sql/4.10.2/camel-sql-4.10.2.jar:/home/luis/.m2/repository/org/apache/camel/springboot/camel-jpa-starter/4.10.2/camel-jpa-starter-4.10.2.jar:/home/luis/.m2/repository/org/apache/camel/camel-jpa/4.10.2/camel-jpa-4.10.2.jar:/home/luis/.m2/repository/org/apache/camel/camel-core-languages/4.10.2/camel-core-languages-4.10.2.jar:/home/luis/.m2/repository/org/apache/camel/springboot/camel-activemq-starter/4.10.2/camel-activemq-starter-4.10.2.jar:/home/luis/.m2/repository/org/apache/camel/camel-activemq/4.10.2/camel-activemq-4.10.2.jar:/home/luis/.m2/repository/org/apache/camel/camel-jms/4.10.2/camel-jms-4.10.2.jar:/home/luis/.m2/repository/org/springframework/spring-jms/6.2.3/spring-jms-6.2.3.jar:/home/luis/.m2/repository/org/springframework/spring-messaging/6.2.3/spring-messaging-6.2.3.jar:/home/luis/.m2/repository/jakarta/jms/jakarta.jms-api/3.1.0/jakarta.jms-api-3.1.0.jar:/home/luis/.m2/repository/org/apache/activemq/activemq-client-jakarta/5.18.6/activemq-client-jakarta-5.18.6.jar:/home/luis/.m2/repository/org/fusesource/hawtbuf/hawtbuf/1.11/hawtbuf-1.11.jar:/home/luis/.m2/repository/org/apache/camel/springboot/camel-micrometer-starter/4.10.2/camel-micrometer-starter-4.10.2.jar:/home/luis/.m2/repository/org/apache/camel/camel-micrometer/4.10.2/camel-micrometer-4.10.2.jar:/home/luis/.m2/repository/org/apache/camel/camel-http-common/4.10.2/camel-http-common-4.10.2.jar:/home/luis/.m2/repository/org/apache/camel/camel-http-base/4.10.2/camel-http-base-4.10.2.jar:/home/luis/.m2/repository/org/apache/camel/camel-attachments/4.10.2/camel-attachments-4.10.2.jar:/home/luis/.m2/repository/io/micrometer/micrometer-registry-prometheus/1.14.4/micrometer-registry-prometheus-1.14.4.jar:/home/luis/.m2/repository/io/micrometer/micrometer-core/1.14.4/micrometer-core-1.14.4.jar:/home/luis/.m2/repository/org/hdrhistogram/HdrHistogram/2.2.2/HdrHistogram-2.2.2.jar:/home/luis/.m2/repository/org/latencyutils/LatencyUtils/2.0.3/LatencyUtils-2.0.3.jar:/home/luis/.m2/repository/io/prometheus/prometheus-metrics-core/1.3.6/prometheus-metrics-core-1.3.6.jar:/home/luis/.m2/repository/io/prometheus/prometheus-metrics-model/1.3.6/prometheus-metrics-model-1.3.6.jar:/home/luis/.m2/repository/io/prometheus/prometheus-metrics-config/1.3.6/prometheus-metrics-config-1.3.6.jar:/home/luis/.m2/repository/io/prometheus/prometheus-metrics-tracer-common/1.3.6/prometheus-metrics-tracer-common-1.3.6.jar:/home/luis/.m2/repository/io/prometheus/prometheus-metrics-exposition-formats/1.3.6/prometheus-metrics-exposition-formats-1.3.6.jar:/home/luis/.m2/repository/io/prometheus/prometheus-metrics-exposition-textformats/1.3.6/prometheus-metrics-exposition-textformats-1.3.6.jar:/home/luis/.m2/repository/io/hawt/hawtio-springboot/4.2.0/hawtio-springboot-4.2.0.jar:/home/luis/.m2/repository/io/hawt/hawtio-system/4.2.0/hawtio-system-4.2.0.jar:/home/luis/.m2/repository/org/jolokia/jolokia-json/2.1.1/jolokia-json-2.1.1.jar:/home/luis/.m2/repository/org/jolokia/jolokia-server-core/2.1.1/jolokia-server-core-2.1.1.jar:/home/luis/.m2/repository/org/jolokia/jolokia-service-serializer/2.1.1/jolokia-service-serializer-2.1.1.jar:/home/luis/.m2/repository/org/jolokia/jolokia-service-jmx/2.1.1/jolokia-service-jmx-2.1.1.jar:/home/luis/.m2/repository/org/jolokia/jolokia-service-discovery/2.1.1/jolokia-service-discovery-2.1.1.jar:/home/luis/.m2/repository/org/jolokia/jolokia-service-history/2.1.1/jolokia-service-history-2.1.1.jar:/home/luis/.m2/repository/org/jolokia/jolokia-service-jsr160/2.1.1/jolokia-service-jsr160-2.1.1.jar:/home/luis/.m2/repository/org/jolokia/jolokia-service-notif-pull/2.1.1/jolokia-service-notif-pull-2.1.1.jar:/home/luis/.m2/repository/org/jolokia/jolokia-service-notif-sse/2.1.1/jolokia-service-notif-sse-2.1.1.jar:/home/luis/.m2/repository/org/apache/httpcomponents/httpclient/4.5.14/httpclient-4.5.14.jar:/home/luis/.m2/repository/org/apache/httpcomponents/httpcore/4.4.16/httpcore-4.4.16.jar:/home/luis/.m2/repository/commons-logging/commons-logging/1.2/commons-logging-1.2.jar:/home/luis/.m2/repository/commons-io/commons-io/2.16.1/commons-io-2.16.1.jar:/home/luis/.m2/repository/commons-codec/commons-codec/1.17.2/commons-codec-1.17.2.jar:/home/luis/.m2/repository/com/nimbusds/nimbus-jose-jwt/9.41.2/nimbus-jose-jwt-9.41.2.jar:/home/luis/.m2/repository/com/github/ben-manes/caffeine/caffeine/3.1.8/caffeine-3.1.8.jar:/home/luis/.m2/repository/org/checkerframework/checker-qual/3.37.0/checker-qual-3.37.0.jar:/home/luis/.m2/repository/com/google/errorprone/error_prone_annotations/2.21.1/error_prone_annotations-2.21.1.jar:/home/luis/.m2/repository/org/jolokia/jolokia-support-spring/2.1.1/jolokia-support-spring-2.1.1.jar:/home/luis/.m2/repository/org/jolokia/jolokia-agent-jvm/2.1.1/jolokia-agent-jvm-2.1.1.jar:/home/luis/.m2/repository/org/jolokia/jolokia-server-detector/2.1.1/jolokia-server-detector-2.1.1.jar:/home/luis/.m2/repository/org/jolokia/jolokia-support-jmx/2.1.1/jolokia-support-jmx-2.1.1.jar:/home/luis/.m2/repository/org/springframework/boot/spring-boot-actuator/3.4.3/spring-boot-actuator-3.4.3.jar:/home/luis/.m2/repository/org/apache/camel/springboot/camel-management-starter/4.10.2/camel-management-starter-4.10.2.jar:/home/luis/.m2/repository/org/apache/camel/camel-management/4.10.2/camel-management-4.10.2.jar:/home/luis/.m2/repository/org/apache/camel/camel-xml-io/4.10.2/camel-xml-io-4.10.2.jar:/home/luis/.m2/repository/org/projectlombok/lombok/1.18.36/lombok-1.18.36.jar:/home/luis/.m2/repository/org/springframework/boot/spring-boot-starter-test/3.4.3/spring-boot-starter-test-3.4.3.jar:/home/luis/.m2/repository/org/springframework/boot/spring-boot-test/3.4.3/spring-boot-test-3.4.3.jar:/home/luis/.m2/repository/org/springframework/boot/spring-boot-test-autoconfigure/3.4.3/spring-boot-test-autoconfigure-3.4.3.jar:/home/luis/.m2/repository/com/jayway/jsonpath/json-path/2.9.0/json-path-2.9.0.jar:/home/luis/.m2/repository/jakarta/xml/bind/jakarta.xml.bind-api/4.0.2/jakarta.xml.bind-api-4.0.2.jar:/home/luis/.m2/repository/jakarta/activation/jakarta.activation-api/2.1.3/jakarta.activation-api-2.1.3.jar:/home/luis/.m2/repository/net/minidev/json-smart/2.5.2/json-smart-2.5.2.jar:/home/luis/.m2/repository/net/minidev/accessors-smart/2.5.2/accessors-smart-2.5.2.jar:/home/luis/.m2/repository/org/ow2/asm/asm/9.7.1/asm-9.7.1.jar:/home/luis/.m2/repository/org/assertj/assertj-core/3.26.3/assertj-core-3.26.3.jar:/home/luis/.m2/repository/org/awaitility/awaitility/4.2.2/awaitility-4.2.2.jar:/home/luis/.m2/repository/org/hamcrest/hamcrest/2.2/hamcrest-2.2.jar:/home/luis/.m2/repository/org/junit/jupiter/junit-jupiter/5.11.4/junit-jupiter-5.11.4.jar:/home/luis/.m2/repository/org/junit/jupiter/junit-jupiter-api/5.11.4/junit-jupiter-api-5.11.4.jar:/home/luis/.m2/repository/org/opentest4j/opentest4j/1.3.0/opentest4j-1.3.0.jar:/home/luis/.m2/repository/org/junit/platform/junit-platform-commons/1.11.4/junit-platform-commons-1.11.4.jar:/home/luis/.m2/repository/org/apiguardian/apiguardian-api/1.1.2/apiguardian-api-1.1.2.jar:/home/luis/.m2/repository/org/junit/jupiter/junit-jupiter-params/5.11.4/junit-jupiter-params-5.11.4.jar:/home/luis/.m2/repository/org/junit/jupiter/junit-jupiter-engine/5.11.4/junit-jupiter-engine-5.11.4.jar:/home/luis/.m2/repository/org/junit/platform/junit-platform-engine/1.11.4/junit-platform-engine-1.11.4.jar:/home/luis/.m2/repository/org/mockito/mockito-core/5.14.2/mockito-core-5.14.2.jar:/home/luis/.m2/repository/net/bytebuddy/byte-buddy-agent/1.15.11/byte-buddy-agent-1.15.11.jar:/home/luis/.m2/repository/org/objenesis/objenesis/3.3/objenesis-3.3.jar:/home/luis/.m2/repository/org/mockito/mockito-junit-jupiter/5.14.2/mockito-junit-jupiter-5.14.2.jar:/home/luis/.m2/repository/org/skyscreamer/jsonassert/1.5.3/jsonassert-1.5.3.jar:/home/luis/.m2/repository/com/vaadin/external/google/android-json/0.0.20131108.vaadin1/android-json-0.0.20131108.vaadin1.jar:/home/luis/.m2/repository/org/springframework/spring-core/6.2.3/spring-core-6.2.3.jar:/home/luis/.m2/repository/org/springframework/spring-jcl/6.2.3/spring-jcl-6.2.3.jar:/home/luis/.m2/repository/org/springframework/spring-test/6.2.3/spring-test-6.2.3.jar:/home/luis/.m2/repository/org/xmlunit/xmlunit-core/2.10.0/xmlunit-core-2.10.0.jar:/home/luis/.m2/repository/org/apache/camel/camel-test-spring-junit5/4.10.2/camel-test-spring-junit5-4.10.2.jar:/home/luis/.m2/repository/org/apache/camel/camel-test-junit5/4.10.2/camel-test-junit5-4.10.2.jar:/home/luis/.m2/repository/org/apache/camel/camel-spring-xml/4.10.2/camel-spring-xml-4.10.2.jar:/home/luis/.m2/repository/org/apache/camel/camel-xml-jaxb/4.10.2/camel-xml-jaxb-4.10.2.jar:/home/luis/.m2/repository/org/apache/camel/camel-core-xml/4.10.2/camel-core-xml-4.10.2.jar:"/>
    <property name="java.vm.vendor" value="Ubuntu"/>
    <property name="sun.arch.data.model" value="64"/>
    <property name="java.vendor.url" value="https://ubuntu.com/"/>
    <property name="user.timezone" value="America/Bogota"/>
    <property name="org.jboss.logging.provider" value="slf4j"/>
    <property name="os.name" value="Linux"/>
    <property name="java.vm.specification.version" value="17"/>
    <property name="sun.java.launcher" value="SUN_STANDARD"/>
    <property name="user.country" value="US"/>
    <property name="sun.boot.library.path" value="/usr/lib/jvm/java-17-openjdk-amd64/lib"/>
    <property name="sun.java.command" value="/home/luis/Development/Apache Camel/FormadoresIT/Marzo/Sesiones/rest/target/surefire/surefirebooter17258196794345896978.jar /home/luis/Development/Apache Camel/FormadoresIT/Marzo/Sesiones/rest/target/surefire 2025-03-28T06-08-29_063-jvmRun1 surefire5210021371504435305tmp surefire_01555472775037059454tmp"/>
    <property name="jdk.debug" value="release"/>
    <property name="surefire.test.class.path" value="/home/luis/Development/Apache Camel/FormadoresIT/Marzo/Sesiones/rest/target/test-classes:/home/luis/Development/Apache Camel/FormadoresIT/Marzo/Sesiones/rest/target/classes:/home/luis/.m2/repository/org/springframework/boot/spring-boot-starter-web/3.4.3/spring-boot-starter-web-3.4.3.jar:/home/luis/.m2/repository/org/springframework/boot/spring-boot-starter/3.4.3/spring-boot-starter-3.4.3.jar:/home/luis/.m2/repository/org/springframework/boot/spring-boot/3.4.3/spring-boot-3.4.3.jar:/home/luis/.m2/repository/org/springframework/boot/spring-boot-autoconfigure/3.4.3/spring-boot-autoconfigure-3.4.3.jar:/home/luis/.m2/repository/org/springframework/boot/spring-boot-starter-logging/3.4.3/spring-boot-starter-logging-3.4.3.jar:/home/luis/.m2/repository/ch/qos/logback/logback-classic/1.5.16/logback-classic-1.5.16.jar:/home/luis/.m2/repository/ch/qos/logback/logback-core/1.5.16/logback-core-1.5.16.jar:/home/luis/.m2/repository/org/apache/logging/log4j/log4j-to-slf4j/2.24.3/log4j-to-slf4j-2.24.3.jar:/home/luis/.m2/repository/org/apache/logging/log4j/log4j-api/2.24.3/log4j-api-2.24.3.jar:/home/luis/.m2/repository/org/slf4j/jul-to-slf4j/2.0.16/jul-to-slf4j-2.0.16.jar:/home/luis/.m2/repository/jakarta/annotation/jakarta.annotation-api/2.1.1/jakarta.annotation-api-2.1.1.jar:/home/luis/.m2/repository/org/yaml/snakeyaml/2.3/snakeyaml-2.3.jar:/home/luis/.m2/repository/org/springframework/boot/spring-boot-starter-json/3.4.3/spring-boot-starter-json-3.4.3.jar:/home/luis/.m2/repository/com/fasterxml/jackson/core/jackson-databind/2.18.2/jackson-databind-2.18.2.jar:/home/luis/.m2/repository/com/fasterxml/jackson/core/jackson-annotations/2.18.2/jackson-annotations-2.18.2.jar:/home/luis/.m2/repository/com/fasterxml/jackson/core/jackson-core/2.18.2/jackson-core-2.18.2.jar:/home/luis/.m2/repository/com/fasterxml/jackson/datatype/jackson-datatype-jdk8/2.18.2/jackson-datatype-jdk8-2.18.2.jar:/home/luis/.m2/repository/com/fasterxml/jackson/datatype/jackson-datatype-jsr310/2.18.2/jackson-datatype-jsr310-2.18.2.jar:/home/luis/.m2/repository/com/fasterxml/jackson/module/jackson-module-parameter-names/2.18.2/jackson-module-parameter-names-2.18.2.jar:/home/luis/.m2/repository/org/springframework/spring-web/6.2.3/spring-web-6.2.3.jar:/home/luis/.m2/repository/org/springframework/spring-beans/6.2.3/spring-beans-6.2.3.jar:/home/luis/.m2/repository/org/springframework/spring-webmvc/6.2.3/spring-webmvc-6.2.3.jar:/home/luis/.m2/repository/org/springframework/spring-aop/6.2.3/spring-aop-6.2.3.jar:/home/luis/.m2/repository/org/springframework/spring-context/6.2.3/spring-context-6.2.3.jar:/home/luis/.m2/repository/org/springframework/spring-expression/6.2.3/spring-expression-6.2.3.jar:/home/luis/.m2/repository/org/springframework/boot/spring-boot-starter-undertow/3.4.3/spring-boot-starter-undertow-3.4.3.jar:/home/luis/.m2/repository/io/undertow/undertow-core/2.3.18.Final/undertow-core-2.3.18.Final.jar:/home/luis/.m2/repository/org/jboss/logging/jboss-logging/3.6.1.Final/jboss-logging-3.6.1.Final.jar:/home/luis/.m2/repository/org/jboss/xnio/xnio-api/3.8.16.Final/xnio-api-3.8.16.Final.jar:/home/luis/.m2/repository/org/wildfly/common/wildfly-common/1.5.4.Final/wildfly-common-1.5.4.Final.jar:/home/luis/.m2/repository/org/wildfly/client/wildfly-client-config/1.0.1.Final/wildfly-client-config-1.0.1.Final.jar:/home/luis/.m2/repository/org/jboss/xnio/xnio-nio/3.8.16.Final/xnio-nio-3.8.16.Final.jar:/home/luis/.m2/repository/org/jboss/threads/jboss-threads/3.5.0.Final/jboss-threads-3.5.0.Final.jar:/home/luis/.m2/repository/io/undertow/undertow-servlet/2.3.18.Final/undertow-servlet-2.3.18.Final.jar:/home/luis/.m2/repository/jakarta/servlet/jakarta.servlet-api/6.0.0/jakarta.servlet-api-6.0.0.jar:/home/luis/.m2/repository/io/undertow/undertow-websockets-jsr/2.3.18.Final/undertow-websockets-jsr-2.3.18.Final.jar:/home/luis/.m2/repository/jakarta/websocket/jakarta.websocket-api/2.1.1/jakarta.websocket-api-2.1.1.jar:/home/luis/.m2/repository/jakarta/websocket/jakarta.websocket-client-api/2.1.1/jakarta.websocket-client-api-2.1.1.jar:/home/luis/.m2/repository/org/apache/tomcat/embed/tomcat-embed-el/10.1.36/tomcat-embed-el-10.1.36.jar:/home/luis/.m2/repository/org/springframework/boot/spring-boot-starter-actuator/3.4.3/spring-boot-starter-actuator-3.4.3.jar:/home/luis/.m2/repository/org/springframework/boot/spring-boot-actuator-autoconfigure/3.4.3/spring-boot-actuator-autoconfigure-3.4.3.jar:/home/luis/.m2/repository/io/micrometer/micrometer-observation/1.14.4/micrometer-observation-1.14.4.jar:/home/luis/.m2/repository/io/micrometer/micrometer-commons/1.14.4/micrometer-commons-1.14.4.jar:/home/luis/.m2/repository/io/micrometer/micrometer-jakarta9/1.14.4/micrometer-jakarta9-1.14.4.jar:/home/luis/.m2/repository/org/springframework/boot/spring-boot-starter-data-jpa/3.4.3/spring-boot-starter-data-jpa-3.4.3.jar:/home/luis/.m2/repository/org/springframework/boot/spring-boot-starter-jdbc/3.4.3/spring-boot-starter-jdbc-3.4.3.jar:/home/luis/.m2/repository/com/zaxxer/HikariCP/5.1.0/HikariCP-5.1.0.jar:/home/luis/.m2/repository/org/springframework/spring-jdbc/6.2.3/spring-jdbc-6.2.3.jar:/home/luis/.m2/repository/org/hibernate/orm/hibernate-core/6.6.8.Final/hibernate-core-6.6.8.Final.jar:/home/luis/.m2/repository/jakarta/persistence/jakarta.persistence-api/3.1.0/jakarta.persistence-api-3.1.0.jar:/home/luis/.m2/repository/jakarta/transaction/jakarta.transaction-api/2.0.1/jakarta.transaction-api-2.0.1.jar:/home/luis/.m2/repository/org/hibernate/common/hibernate-commons-annotations/7.0.3.Final/hibernate-commons-annotations-7.0.3.Final.jar:/home/luis/.m2/repository/io/smallrye/jandex/3.2.0/jandex-3.2.0.jar:/home/luis/.m2/repository/com/fasterxml/classmate/1.7.0/classmate-1.7.0.jar:/home/luis/.m2/repository/net/bytebuddy/byte-buddy/1.15.11/byte-buddy-1.15.11.jar:/home/luis/.m2/repository/org/glassfish/jaxb/jaxb-runtime/4.0.5/jaxb-runtime-4.0.5.jar:/home/luis/.m2/repository/org/glassfish/jaxb/jaxb-core/4.0.5/jaxb-core-4.0.5.jar:/home/luis/.m2/repository/org/eclipse/angus/angus-activation/2.0.2/angus-activation-2.0.2.jar:/home/luis/.m2/repository/org/glassfish/jaxb/txw2/4.0.5/txw2-4.0.5.jar:/home/luis/.m2/repository/com/sun/istack/istack-commons-runtime/4.1.2/istack-commons-runtime-4.1.2.jar:/home/luis/.m2/repository/jakarta/inject/jakarta.inject-api/2.0.1/jakarta.inject-api-2.0.1.jar:/home/luis/.m2/repository/org/antlr/antlr4-runtime/4.13.0/antlr4-runtime-4.13.0.jar:/home/luis/.m2/repository/org/springframework/data/spring-data-jpa/3.4.3/spring-data-jpa-3.4.3.jar:/home/luis/.m2/repository/org/springframework/data/spring-data-commons/3.4.3/spring-data-commons-3.4.3.jar:/home/luis/.m2/repository/org/springframework/spring-orm/6.2.3/spring-orm-6.2.3.jar:/home/luis/.m2/repository/org/springframework/spring-tx/6.2.3/spring-tx-6.2.3.jar:/home/luis/.m2/repository/org/slf4j/slf4j-api/2.0.16/slf4j-api-2.0.16.jar:/home/luis/.m2/repository/org/springframework/spring-aspects/6.2.3/spring-aspects-6.2.3.jar:/home/luis/.m2/repository/org/aspectj/aspectjweaver/1.9.22.1/aspectjweaver-1.9.22.1.jar:/home/luis/.m2/repository/com/mysql/mysql-connector-j/9.2.0/mysql-connector-j-9.2.0.jar:/home/luis/.m2/repository/org/springframework/boot/spring-boot-starter-data-mongodb/3.4.3/spring-boot-starter-data-mongodb-3.4.3.jar:/home/luis/.m2/repository/org/mongodb/mongodb-driver-sync/5.2.1/mongodb-driver-sync-5.2.1.jar:/home/luis/.m2/repository/org/mongodb/bson/5.2.1/bson-5.2.1.jar:/home/luis/.m2/repository/org/mongodb/mongodb-driver-core/5.2.1/mongodb-driver-core-5.2.1.jar:/home/luis/.m2/repository/org/mongodb/bson-record-codec/5.2.1/bson-record-codec-5.2.1.jar:/home/luis/.m2/repository/org/springframework/data/spring-data-mongodb/4.4.3/spring-data-mongodb-4.4.3.jar:/home/luis/.m2/repository/org/apache/camel/springboot/camel-spring-boot-starter/4.10.2/camel-spring-boot-starter-4.10.2.jar:/home/luis/.m2/repository/org/apache/camel/springboot/camel-spring-boot/4.10.2/camel-spring-boot-4.10.2.jar:/home/luis/.m2/repository/org/apache/camel/camel-spring/4.10.2/camel-spring-4.10.2.jar:/home/luis/.m2/repository/org/apache/camel/camel-management-api/4.10.2/camel-management-api-4.10.2.jar:/home/luis/.m2/repository/org/apache/camel/camel-spring-main/4.10.2/camel-spring-main-4.10.2.jar:/home/luis/.m2/repository/org/apache/camel/camel-main/4.10.2/camel-main-4.10.2.jar:/home/luis/.m2/repository/org/apache/camel/camel-base/4.10.2/camel-base-4.10.2.jar:/home/luis/.m2/repository/org/apache/camel/camel-util-json/4.10.2/camel-util-json-4.10.2.jar:/home/luis/.m2/repository/org/apache/camel/camel-cloud/4.10.2/camel-cloud-4.10.2.jar:/home/luis/.m2/repository/org/apache/camel/camel-core-model/4.10.2/camel-core-model-4.10.2.jar:/home/luis/.m2/repository/org/apache/camel/camel-core-processor/4.10.2/camel-core-processor-4.10.2.jar:/home/luis/.m2/repository/org/apache/camel/camel-cluster/4.10.2/camel-cluster-4.10.2.jar:/home/luis/.m2/repository/org/apache/camel/camel-base-engine/4.10.2/camel-base-engine-4.10.2.jar:/home/luis/.m2/repository/org/apache/camel/camel-health/4.10.2/camel-health-4.10.2.jar:/home/luis/.m2/repository/org/apache/camel/springboot/camel-core-starter/4.10.2/camel-core-starter-4.10.2.jar:/home/luis/.m2/repository/org/apache/camel/camel-core-engine/4.10.2/camel-core-engine-4.10.2.jar:/home/luis/.m2/repository/org/apache/camel/camel-api/4.10.2/camel-api-4.10.2.jar:/home/luis/.m2/repository/org/apache/camel/camel-core-reifier/4.10.2/camel-core-reifier-4.10.2.jar:/home/luis/.m2/repository/org/apache/camel/camel-util/4.10.2/camel-util-4.10.2.jar:/home/luis/.m2/repository/org/apache/camel/springboot/camel-bean-starter/4.10.2/camel-bean-starter-4.10.2.jar:/home/luis/.m2/repository/org/apache/camel/camel-bean/4.10.2/camel-bean-4.10.2.jar:/home/luis/.m2/repository/org/apache/camel/springboot/camel-browse-starter/4.10.2/camel-browse-starter-4.10.2.jar:/home/luis/.m2/repository/org/apache/camel/camel-browse/4.10.2/camel-browse-4.10.2.jar:/home/luis/.m2/repository/org/apache/camel/springboot/camel-controlbus-starter/4.10.2/camel-controlbus-starter-4.10.2.jar:/home/luis/.m2/repository/org/apache/camel/camel-controlbus/4.10.2/camel-controlbus-4.10.2.jar:/home/luis/.m2/repository/org/apache/camel/springboot/camel-dataformat-starter/4.10.2/camel-dataformat-starter-4.10.2.jar:/home/luis/.m2/repository/org/apache/camel/camel-dataformat/4.10.2/camel-dataformat-4.10.2.jar:/home/luis/.m2/repository/org/apache/camel/springboot/camel-dataset-starter/4.10.2/camel-dataset-starter-4.10.2.jar:/home/luis/.m2/repository/org/apache/camel/camel-dataset/4.10.2/camel-dataset-4.10.2.jar:/home/luis/.m2/repository/org/apache/camel/springboot/camel-direct-starter/4.10.2/camel-direct-starter-4.10.2.jar:/home/luis/.m2/repository/org/apache/camel/camel-direct/4.10.2/camel-direct-4.10.2.jar:/home/luis/.m2/repository/org/apache/camel/springboot/camel-file-starter/4.10.2/camel-file-starter-4.10.2.jar:/home/luis/.m2/repository/org/apache/camel/camel-file/4.10.2/camel-file-4.10.2.jar:/home/luis/.m2/repository/org/apache/camel/springboot/camel-language-starter/4.10.2/camel-language-starter-4.10.2.jar:/home/luis/.m2/repository/org/apache/camel/camel-language/4.10.2/camel-language-4.10.2.jar:/home/luis/.m2/repository/org/apache/camel/springboot/camel-log-starter/4.10.2/camel-log-starter-4.10.2.jar:/home/luis/.m2/repository/org/apache/camel/camel-log/4.10.2/camel-log-4.10.2.jar:/home/luis/.m2/repository/org/apache/camel/springboot/camel-mock-starter/4.10.2/camel-mock-starter-4.10.2.jar:/home/luis/.m2/repository/org/apache/camel/camel-mock/4.10.2/camel-mock-4.10.2.jar:/home/luis/.m2/repository/org/apache/camel/springboot/camel-ref-starter/4.10.2/camel-ref-starter-4.10.2.jar:/home/luis/.m2/repository/org/apache/camel/camel-ref/4.10.2/camel-ref-4.10.2.jar:/home/luis/.m2/repository/org/apache/camel/springboot/camel-rest-starter/4.10.2/camel-rest-starter-4.10.2.jar:/home/luis/.m2/repository/org/apache/camel/camel-rest/4.10.2/camel-rest-4.10.2.jar:/home/luis/.m2/repository/org/apache/camel/camel-tooling-model/4.10.2/camel-tooling-model-4.10.2.jar:/home/luis/.m2/repository/org/apache/camel/springboot/camel-saga-starter/4.10.2/camel-saga-starter-4.10.2.jar:/home/luis/.m2/repository/org/apache/camel/camel-saga/4.10.2/camel-saga-4.10.2.jar:/home/luis/.m2/repository/org/apache/camel/springboot/camel-scheduler-starter/4.10.2/camel-scheduler-starter-4.10.2.jar:/home/luis/.m2/repository/org/apache/camel/camel-scheduler/4.10.2/camel-scheduler-4.10.2.jar:/home/luis/.m2/repository/org/apache/camel/springboot/camel-seda-starter/4.10.2/camel-seda-starter-4.10.2.jar:/home/luis/.m2/repository/org/apache/camel/camel-seda/4.10.2/camel-seda-4.10.2.jar:/home/luis/.m2/repository/org/apache/camel/springboot/camel-stub-starter/4.10.2/camel-stub-starter-4.10.2.jar:/home/luis/.m2/repository/org/apache/camel/camel-stub/4.10.2/camel-stub-4.10.2.jar:/home/luis/.m2/repository/org/apache/camel/springboot/camel-timer-starter/4.10.2/camel-timer-starter-4.10.2.jar:/home/luis/.m2/repository/org/apache/camel/camel-timer/4.10.2/camel-timer-4.10.2.jar:/home/luis/.m2/repository/org/apache/camel/springboot/camel-validator-starter/4.10.2/camel-validator-starter-4.10.2.jar:/home/luis/.m2/repository/org/apache/camel/camel-validator/4.10.2/camel-validator-4.10.2.jar:/home/luis/.m2/repository/org/apache/camel/springboot/camel-xpath-starter/4.10.2/camel-xpath-starter-4.10.2.jar:/home/luis/.m2/repository/org/apache/camel/camel-xpath/4.10.2/camel-xpath-4.10.2.jar:/home/luis/.m2/repository/org/apache/camel/springboot/camel-xslt-starter/4.10.2/camel-xslt-starter-4.10.2.jar:/home/luis/.m2/repository/org/apache/camel/camel-xslt/4.10.2/camel-xslt-4.10.2.jar:/home/luis/.m2/repository/org/apache/camel/springboot/camel-xml-jaxp-starter/4.10.2/camel-xml-jaxp-starter-4.10.2.jar:/home/luis/.m2/repository/org/apache/camel/camel-xml-jaxp/4.10.2/camel-xml-jaxp-4.10.2.jar:/home/luis/.m2/repository/org/apache/camel/camel-xml-jaxp-util/4.10.2/camel-xml-jaxp-util-4.10.2.jar:/home/luis/.m2/repository/org/apache/camel/camel-xml-io-util/4.10.2/camel-xml-io-util-4.10.2.jar:/home/luis/.m2/repository/org/apache/camel/springboot/camel-stream-starter/4.10.2/camel-stream-starter-4.10.2.jar:/home/luis/.m2/repository/org/apache/camel/camel-stream/4.10.2/camel-stream-4.10.2.jar:/home/luis/.m2/repository/org/apache/camel/camel-support/4.10.2/camel-support-4.10.2.jar:/home/luis/.m2/repository/org/apache/camel/springboot/camel-http-starter/4.10.2/camel-http-starter-4.10.2.jar:/home/luis/.m2/repository/org/apache/camel/camel-http/4.10.2/camel-http-4.10.2.jar:/home/luis/.m2/repository/org/apache/httpcomponents/client5/httpclient5/5.4.2/httpclient5-5.4.2.jar:/home/luis/.m2/repository/org/apache/httpcomponents/core5/httpcore5/5.3.3/httpcore5-5.3.3.jar:/home/luis/.m2/repository/org/apache/httpcomponents/core5/httpcore5-h2/5.3.3/httpcore5-h2-5.3.3.jar:/home/luis/.m2/repository/org/apache/camel/springboot/camel-jackson-starter/4.10.2/camel-jackson-starter-4.10.2.jar:/home/luis/.m2/repository/org/apache/camel/camel-jackson/4.10.2/camel-jackson-4.10.2.jar:/home/luis/.m2/repository/org/apache/camel/springboot/camel-servlet-starter/4.10.2/camel-servlet-starter-4.10.2.jar:/home/luis/.m2/repository/org/apache/camel/camel-servlet/4.10.2/camel-servlet-4.10.2.jar:/home/luis/.m2/repository/org/apache/camel/springboot/camel-mongodb-starter/4.10.2/camel-mongodb-starter-4.10.2.jar:/home/luis/.m2/repository/org/apache/camel/camel-mongodb/4.10.2/camel-mongodb-4.10.2.jar:/home/luis/.m2/repository/org/apache/camel/springboot/camel-sql-starter/4.10.2/camel-sql-starter-4.10.2.jar:/home/luis/.m2/repository/org/apache/camel/camel-sql/4.10.2/camel-sql-4.10.2.jar:/home/luis/.m2/repository/org/apache/camel/springboot/camel-jpa-starter/4.10.2/camel-jpa-starter-4.10.2.jar:/home/luis/.m2/repository/org/apache/camel/camel-jpa/4.10.2/camel-jpa-4.10.2.jar:/home/luis/.m2/repository/org/apache/camel/camel-core-languages/4.10.2/camel-core-languages-4.10.2.jar:/home/luis/.m2/repository/org/apache/camel/springboot/camel-activemq-starter/4.10.2/camel-activemq-starter-4.10.2.jar:/home/luis/.m2/repository/org/apache/camel/camel-activemq/4.10.2/camel-activemq-4.10.2.jar:/home/luis/.m2/repository/org/apache/camel/camel-jms/4.10.2/camel-jms-4.10.2.jar:/home/luis/.m2/repository/org/springframework/spring-jms/6.2.3/spring-jms-6.2.3.jar:/home/luis/.m2/repository/org/springframework/spring-messaging/6.2.3/spring-messaging-6.2.3.jar:/home/luis/.m2/repository/jakarta/jms/jakarta.jms-api/3.1.0/jakarta.jms-api-3.1.0.jar:/home/luis/.m2/repository/org/apache/activemq/activemq-client-jakarta/5.18.6/activemq-client-jakarta-5.18.6.jar:/home/luis/.m2/repository/org/fusesource/hawtbuf/hawtbuf/1.11/hawtbuf-1.11.jar:/home/luis/.m2/repository/org/apache/camel/springboot/camel-micrometer-starter/4.10.2/camel-micrometer-starter-4.10.2.jar:/home/luis/.m2/repository/org/apache/camel/camel-micrometer/4.10.2/camel-micrometer-4.10.2.jar:/home/luis/.m2/repository/org/apache/camel/camel-http-common/4.10.2/camel-http-common-4.10.2.jar:/home/luis/.m2/repository/org/apache/camel/camel-http-base/4.10.2/camel-http-base-4.10.2.jar:/home/luis/.m2/repository/org/apache/camel/camel-attachments/4.10.2/camel-attachments-4.10.2.jar:/home/luis/.m2/repository/io/micrometer/micrometer-registry-prometheus/1.14.4/micrometer-registry-prometheus-1.14.4.jar:/home/luis/.m2/repository/io/micrometer/micrometer-core/1.14.4/micrometer-core-1.14.4.jar:/home/luis/.m2/repository/org/hdrhistogram/HdrHistogram/2.2.2/HdrHistogram-2.2.2.jar:/home/luis/.m2/repository/org/latencyutils/LatencyUtils/2.0.3/LatencyUtils-2.0.3.jar:/home/luis/.m2/repository/io/prometheus/prometheus-metrics-core/1.3.6/prometheus-metrics-core-1.3.6.jar:/home/luis/.m2/repository/io/prometheus/prometheus-metrics-model/1.3.6/prometheus-metrics-model-1.3.6.jar:/home/luis/.m2/repository/io/prometheus/prometheus-metrics-config/1.3.6/prometheus-metrics-config-1.3.6.jar:/home/luis/.m2/repository/io/prometheus/prometheus-metrics-tracer-common/1.3.6/prometheus-metrics-tracer-common-1.3.6.jar:/home/luis/.m2/repository/io/prometheus/prometheus-metrics-exposition-formats/1.3.6/prometheus-metrics-exposition-formats-1.3.6.jar:/home/luis/.m2/repository/io/prometheus/prometheus-metrics-exposition-textformats/1.3.6/prometheus-metrics-exposition-textformats-1.3.6.jar:/home/luis/.m2/repository/io/hawt/hawtio-springboot/4.2.0/hawtio-springboot-4.2.0.jar:/home/luis/.m2/repository/io/hawt/hawtio-system/4.2.0/hawtio-system-4.2.0.jar:/home/luis/.m2/repository/org/jolokia/jolokia-json/2.1.1/jolokia-json-2.1.1.jar:/home/luis/.m2/repository/org/jolokia/jolokia-server-core/2.1.1/jolokia-server-core-2.1.1.jar:/home/luis/.m2/repository/org/jolokia/jolokia-service-serializer/2.1.1/jolokia-service-serializer-2.1.1.jar:/home/luis/.m2/repository/org/jolokia/jolokia-service-jmx/2.1.1/jolokia-service-jmx-2.1.1.jar:/home/luis/.m2/repository/org/jolokia/jolokia-service-discovery/2.1.1/jolokia-service-discovery-2.1.1.jar:/home/luis/.m2/repository/org/jolokia/jolokia-service-history/2.1.1/jolokia-service-history-2.1.1.jar:/home/luis/.m2/repository/org/jolokia/jolokia-service-jsr160/2.1.1/jolokia-service-jsr160-2.1.1.jar:/home/luis/.m2/repository/org/jolokia/jolokia-service-notif-pull/2.1.1/jolokia-service-notif-pull-2.1.1.jar:/home/luis/.m2/repository/org/jolokia/jolokia-service-notif-sse/2.1.1/jolokia-service-notif-sse-2.1.1.jar:/home/luis/.m2/repository/org/apache/httpcomponents/httpclient/4.5.14/httpclient-4.5.14.jar:/home/luis/.m2/repository/org/apache/httpcomponents/httpcore/4.4.16/httpcore-4.4.16.jar:/home/luis/.m2/repository/commons-logging/commons-logging/1.2/commons-logging-1.2.jar:/home/luis/.m2/repository/commons-io/commons-io/2.16.1/commons-io-2.16.1.jar:/home/luis/.m2/repository/commons-codec/commons-codec/1.17.2/commons-codec-1.17.2.jar:/home/luis/.m2/repository/com/nimbusds/nimbus-jose-jwt/9.41.2/nimbus-jose-jwt-9.41.2.jar:/home/luis/.m2/repository/com/github/ben-manes/caffeine/caffeine/3.1.8/caffeine-3.1.8.jar:/home/luis/.m2/repository/org/checkerframework/checker-qual/3.37.0/checker-qual-3.37.0.jar:/home/luis/.m2/repository/com/google/errorprone/error_prone_annotations/2.21.1/error_prone_annotations-2.21.1.jar:/home/luis/.m2/repository/org/jolokia/jolokia-support-spring/2.1.1/jolokia-support-spring-2.1.1.jar:/home/luis/.m2/repository/org/jolokia/jolokia-agent-jvm/2.1.1/jolokia-agent-jvm-2.1.1.jar:/home/luis/.m2/repository/org/jolokia/jolokia-server-detector/2.1.1/jolokia-server-detector-2.1.1.jar:/home/luis/.m2/repository/org/jolokia/jolokia-support-jmx/2.1.1/jolokia-support-jmx-2.1.1.jar:/home/luis/.m2/repository/org/springframework/boot/spring-boot-actuator/3.4.3/spring-boot-actuator-3.4.3.jar:/home/luis/.m2/repository/org/apache/camel/springboot/camel-management-starter/4.10.2/camel-management-starter-4.10.2.jar:/home/luis/.m2/repository/org/apache/camel/camel-management/4.10.2/camel-management-4.10.2.jar:/home/luis/.m2/repository/org/apache/camel/camel-xml-io/4.10.2/camel-xml-io-4.10.2.jar:/home/luis/.m2/repository/org/projectlombok/lombok/1.18.36/lombok-1.18.36.jar:/home/luis/.m2/repository/org/springframework/boot/spring-boot-starter-test/3.4.3/spring-boot-starter-test-3.4.3.jar:/home/luis/.m2/repository/org/springframework/boot/spring-boot-test/3.4.3/spring-boot-test-3.4.3.jar:/home/luis/.m2/repository/org/springframework/boot/spring-boot-test-autoconfigure/3.4.3/spring-boot-test-autoconfigure-3.4.3.jar:/home/luis/.m2/repository/com/jayway/jsonpath/json-path/2.9.0/json-path-2.9.0.jar:/home/luis/.m2/repository/jakarta/xml/bind/jakarta.xml.bind-api/4.0.2/jakarta.xml.bind-api-4.0.2.jar:/home/luis/.m2/repository/jakarta/activation/jakarta.activation-api/2.1.3/jakarta.activation-api-2.1.3.jar:/home/luis/.m2/repository/net/minidev/json-smart/2.5.2/json-smart-2.5.2.jar:/home/luis/.m2/repository/net/minidev/accessors-smart/2.5.2/accessors-smart-2.5.2.jar:/home/luis/.m2/repository/org/ow2/asm/asm/9.7.1/asm-9.7.1.jar:/home/luis/.m2/repository/org/assertj/assertj-core/3.26.3/assertj-core-3.26.3.jar:/home/luis/.m2/repository/org/awaitility/awaitility/4.2.2/awaitility-4.2.2.jar:/home/luis/.m2/repository/org/hamcrest/hamcrest/2.2/hamcrest-2.2.jar:/home/luis/.m2/repository/org/junit/jupiter/junit-jupiter/5.11.4/junit-jupiter-5.11.4.jar:/home/luis/.m2/repository/org/junit/jupiter/junit-jupiter-api/5.11.4/junit-jupiter-api-5.11.4.jar:/home/luis/.m2/repository/org/opentest4j/opentest4j/1.3.0/opentest4j-1.3.0.jar:/home/luis/.m2/repository/org/junit/platform/junit-platform-commons/1.11.4/junit-platform-commons-1.11.4.jar:/home/luis/.m2/repository/org/apiguardian/apiguardian-api/1.1.2/apiguardian-api-1.1.2.jar:/home/luis/.m2/repository/org/junit/jupiter/junit-jupiter-params/5.11.4/junit-jupiter-params-5.11.4.jar:/home/luis/.m2/repository/org/junit/jupiter/junit-jupiter-engine/5.11.4/junit-jupiter-engine-5.11.4.jar:/home/luis/.m2/repository/org/junit/platform/junit-platform-engine/1.11.4/junit-platform-engine-1.11.4.jar:/home/luis/.m2/repository/org/mockito/mockito-core/5.14.2/mockito-core-5.14.2.jar:/home/luis/.m2/repository/net/bytebuddy/byte-buddy-agent/1.15.11/byte-buddy-agent-1.15.11.jar:/home/luis/.m2/repository/org/objenesis/objenesis/3.3/objenesis-3.3.jar:/home/luis/.m2/repository/org/mockito/mockito-junit-jupiter/5.14.2/mockito-junit-jupiter-5.14.2.jar:/home/luis/.m2/repository/org/skyscreamer/jsonassert/1.5.3/jsonassert-1.5.3.jar:/home/luis/.m2/repository/com/vaadin/external/google/android-json/0.0.20131108.vaadin1/android-json-0.0.20131108.vaadin1.jar:/home/luis/.m2/repository/org/springframework/spring-core/6.2.3/spring-core-6.2.3.jar:/home/luis/.m2/repository/org/springframework/spring-jcl/6.2.3/spring-jcl-6.2.3.jar:/home/luis/.m2/repository/org/springframework/spring-test/6.2.3/spring-test-6.2.3.jar:/home/luis/.m2/repository/org/xmlunit/xmlunit-core/2.10.0/xmlunit-core-2.10.0.jar:/home/luis/.m2/repository/org/apache/camel/camel-test-spring-junit5/4.10.2/camel-test-spring-junit5-4.10.2.jar:/home/luis/.m2/repository/org/apache/camel/camel-test-junit5/4.10.2/camel-test-junit5-4.10.2.jar:/home/luis/.m2/repository/org/apache/camel/camel-spring-xml/4.10.2/camel-spring-xml-4.10.2.jar:/home/luis/.m2/repository/org/apache/camel/camel-xml-jaxb/4.10.2/camel-xml-jaxb-4.10.2.jar:/home/luis/.m2/repository/org/apache/camel/camel-core-xml/4.10.2/camel-core-xml-4.10.2.jar:"/>
    <property name="sun.cpu.endian" value="little"/>
    <property name="user.home" value="/home/luis"/>
    <property name="user.language" value="en"/>
    <property name="java.specification.vendor" value="Oracle Corporation"/>
    <property name="java.version.date" value="2025-01-21"/>
    <property name="java.home" value="/usr/lib/jvm/java-17-openjdk-amd64"/>
    <property name="file.separator" value="/"/>
    <property name="basedir" value="/home/luis/Development/Apache Camel/FormadoresIT/Marzo/Sesiones/rest"/>
    <property name="java.vm.compressedOopsMode" value="Zero based"/>
    <property name="line.separator" value="&#10;"/>
    <property name="java.specification.name" value="Java Platform API Specification"/>
    <property name="java.vm.specification.vendor" value="Oracle Corporation"/>
    <property name="FILE_LOG_CHARSET" value="UTF-8"/>
    <property name="java.awt.headless" value="true"/>
    <property name="surefire.real.class.path" value="/home/luis/Development/Apache Camel/FormadoresIT/Marzo/Sesiones/rest/target/surefire/surefirebooter17258196794345896978.jar"/>
    <property name="sun.management.compiler" value="HotSpot 64-Bit Tiered Compilers"/>
    <property name="java.runtime.version" value="17.0.14+7-Ubuntu-122.04.1"/>
    <property name="user.name" value="luis"/>
    <property name="path.separator" value=":"/>
    <property name="os.version" value="6.8.0-52-generic"/>
    <property name="java.runtime.name" value="OpenJDK Runtime Environment"/>
    <property name="file.encoding" value="UTF-8"/>
    <property name="java.vm.name" value="OpenJDK 64-Bit Server VM"/>
    <property name="localRepository" value="/home/luis/.m2/repository"/>
    <property name="java.vendor.url.bug" value="https://bugs.launchpad.net/ubuntu/+source/openjdk-17"/>
    <property name="java.io.tmpdir" value="/tmp"/>
    <property name="idea.version" value="2024.3.4.1"/>
    <property name="com.zaxxer.hikari.pool_number" value="1"/>
    <property name="java.version" value="17.0.14"/>
    <property name="user.dir" value="/home/luis/Development/Apache Camel/FormadoresIT/Marzo/Sesiones/rest"/>
    <property name="os.arch" value="amd64"/>
    <property name="java.vm.specification.name" value="Java Virtual Machine Specification"/>
    <property name="PID" value="269303"/>
    <property name="CONSOLE_LOG_CHARSET" value="UTF-8"/>
    <property name="native.encoding" value="UTF-8"/>
    <property name="java.library.path" value="/usr/java/packages/lib:/usr/lib/x86_64-linux-gnu/jni:/lib/x86_64-linux-gnu:/usr/lib/x86_64-linux-gnu:/usr/lib/jni:/lib:/usr/lib"/>
    <property name="java.vm.info" value="mixed mode, sharing"/>
    <property name="java.vendor" value="Ubuntu"/>
    <property name="java.vm.version" value="17.0.14+7-Ubuntu-122.04.1"/>
    <property name="java.specification.maintenance.version" value="1"/>
    <property name="sun.io.unicode.encoding" value="UnicodeLittle"/>
    <property name="java.class.version" value="61.0"/>
  </properties>
  <testcase name="test" classname="com.formadoresit.camel.springboot.MySpringBootApplicationTest" time="1.359">
    <error type="java.lang.IllegalArgumentException"><![CDATA[java.lang.IllegalArgumentException: Cannot advice route as route with id: hello does not exist
	at com.formadoresit.camel.springboot.MySpringBootApplicationTest.test(MySpringBootApplicationTest.java:27)
]]></error>
    <system-out><![CDATA[Standard Commons Logging discovery in action with spring-jcl: please remove commons-logging.jar from classpath in order to avoid potential conflicts
06:08:33.488 [main] INFO org.springframework.test.context.support.AnnotationConfigContextLoaderUtils -- Could not detect default configuration classes for test class [com.formadoresit.camel.springboot.MySpringBootApplicationTest]: MySpringBootApplicationTest does not declare any static, non-private, non-final, nested classes annotated with @Configuration.
06:08:33.604 [main] INFO org.springframework.boot.test.context.SpringBootTestContextBootstrapper -- Found @SpringBootConfiguration com.formadoresit.camel.springboot.MySpringBootApplication for test class com.formadoresit.camel.springboot.MySpringBootApplicationTest
06:08:33.732 [main] INFO org.apache.camel.test.spring.junit5.CamelSpringBootExecutionListener -- CamelSpringBootExecutionListener preparing: class com.formadoresit.camel.springboot.MySpringBootApplicationTest
06:08:33.738 [main] INFO org.apache.camel.test.spring.junit5.CamelAnnotationsHandler -- Disabling Camel JMX globally for tests by default. Use the DisableJMX annotation to override the default setting.

  .   ____          _            __ _ _
 /\\ / ___'_ __ _ _(_)_ __  __ _ \ \ \ \
( ( )\___ | '_ | '_| | '_ \/ _` | \ \ \ \
 \\/  ___)| |_)| | | | | || (_| |  ) ) ) )
  '  |____| .__|_| |_|_| |_\__, | / / / /
 =========|_|==============|___/=/_/_/_/

 :: Spring Boot ::                (v3.4.3)

2025-03-28T06:08:34.022-05:00  INFO 269303 --- [           main] c.f.c.s.MySpringBootApplicationTest      : Starting MySpringBootApplicationTest using Java 17.0.14 with PID 269303 (started by luis in /home/luis/Development/Apache Camel/FormadoresIT/Marzo/Sesiones/rest)
2025-03-28T06:08:34.023-05:00  INFO 269303 --- [           main] c.f.c.s.MySpringBootApplicationTest      : No active profile set, falling back to 1 default profile: "default"
2025-03-28T06:08:35.449-05:00  INFO 269303 --- [           main] .s.d.r.c.RepositoryConfigurationDelegate : Multiple Spring Data modules found, entering strict repository configuration mode
2025-03-28T06:08:35.451-05:00  INFO 269303 --- [           main] .s.d.r.c.RepositoryConfigurationDelegate : Bootstrapping Spring Data JPA repositories in DEFAULT mode.
2025-03-28T06:08:35.475-05:00  INFO 269303 --- [           main] .s.d.r.c.RepositoryConfigurationDelegate : Finished Spring Data repository scanning in 15 ms. Found 0 JPA repository interfaces.
2025-03-28T06:08:35.485-05:00  INFO 269303 --- [           main] .s.d.r.c.RepositoryConfigurationDelegate : Multiple Spring Data modules found, entering strict repository configuration mode
2025-03-28T06:08:35.485-05:00  INFO 269303 --- [           main] .s.d.r.c.RepositoryConfigurationDelegate : Bootstrapping Spring Data MongoDB repositories in DEFAULT mode.
2025-03-28T06:08:35.490-05:00  INFO 269303 --- [           main] .s.d.r.c.RepositoryConfigurationDelegate : Finished Spring Data repository scanning in 3 ms. Found 0 MongoDB repository interfaces.
2025-03-28T06:08:36.271-05:00  INFO 269303 --- [           main] com.zaxxer.hikari.HikariDataSource       : HikariPool-1 - Starting...
2025-03-28T06:08:36.608-05:00  INFO 269303 --- [           main] com.zaxxer.hikari.pool.HikariPool        : HikariPool-1 - Added connection com.mysql.cj.jdbc.ConnectionImpl@79144d0e
2025-03-28T06:08:36.609-05:00  INFO 269303 --- [           main] com.zaxxer.hikari.HikariDataSource       : HikariPool-1 - Start completed.
2025-03-28T06:08:36.659-05:00  INFO 269303 --- [           main] o.hibernate.jpa.internal.util.LogHelper  : HHH000204: Processing PersistenceUnitInfo [name: default]
2025-03-28T06:08:36.702-05:00  INFO 269303 --- [           main] org.hibernate.Version                    : HHH000412: Hibernate ORM core version 6.6.8.Final
2025-03-28T06:08:36.734-05:00  INFO 269303 --- [           main] o.h.c.internal.RegionFactoryInitiator    : HHH000026: Second-level cache disabled
2025-03-28T06:08:36.997-05:00  INFO 269303 --- [           main] o.s.o.j.p.SpringPersistenceUnitInfo      : No LoadTimeWeaver setup: ignoring JPA class transformer
2025-03-28T06:08:37.085-05:00  INFO 269303 --- [           main] org.hibernate.orm.connections.pooling    : HHH10001005: Database info:
	Database JDBC URL [Connecting through datasource 'HikariDataSource (HikariPool-1)']
	Database driver: undefined/unknown
	Database version: 8.2
	Autocommit mode: undefined/unknown
	Isolation level: undefined/unknown
	Minimum pool size: undefined/unknown
	Maximum pool size: undefined/unknown
2025-03-28T06:08:37.831-05:00  INFO 269303 --- [           main] o.h.e.t.j.p.i.JtaPlatformInitiator       : HHH000489: No JTA platform available (set 'hibernate.transaction.jta.platform' to enable JTA platform integration)
2025-03-28T06:08:37.835-05:00  INFO 269303 --- [           main] j.LocalContainerEntityManagerFactoryBean : Initialized JPA EntityManagerFactory for persistence unit 'default'
2025-03-28T06:08:38.853-05:00  WARN 269303 --- [           main] JpaBaseConfiguration$JpaWebConfiguration : spring.jpa.open-in-view is enabled by default. Therefore, database queries may be performed during view rendering. Explicitly configure spring.jpa.open-in-view to disable this warning
2025-03-28T06:08:39.990-05:00  INFO 269303 --- [           main] org.mongodb.driver.client                : MongoClient with metadata {"driver": {"name": "mongo-java-driver|sync|spring-boot", "version": "5.2.1"}, "os": {"type": "Linux", "name": "Linux", "architecture": "amd64", "version": "6.8.0-52-generic"}, "platform": "Java/Ubuntu/17.0.14+7-Ubuntu-122.04.1"} created with settings MongoClientSettings{readPreference=primary, writeConcern=WriteConcern{w=null, wTimeout=null ms, journal=null}, retryWrites=true, retryReads=true, readConcern=ReadConcern{level=null}, credential=MongoCredential{mechanism=SCRAM-SHA-256, userName='mongoadmin', source='admin', password=<hidden>, mechanismProperties=<hidden>}, transportSettings=null, commandListeners=[io.micrometer.core.instrument.binder.mongodb.MongoMetricsCommandListener@1509dade], codecRegistry=ProvidersCodecRegistry{codecProviders=[ValueCodecProvider{}, BsonValueCodecProvider{}, DBRefCodecProvider{}, DBObjectCodecProvider{}, DocumentCodecProvider{}, CollectionCodecProvider{}, IterableCodecProvider{}, MapCodecProvider{}, GeoJsonCodecProvider{}, GridFSFileCodecProvider{}, Jsr310CodecProvider{}, JsonObjectCodecProvider{}, BsonCodecProvider{}, EnumCodecProvider{}, com.mongodb.client.model.mql.ExpressionCodecProvider@20309365, com.mongodb.Jep395RecordCodecProvider@7306f65f, com.mongodb.KotlinCodecProvider@50ade311]}, loggerSettings=LoggerSettings{maxDocumentLength=1000}, clusterSettings={hosts=[localhost:27017], srvServiceName=mongodb, mode=SINGLE, requiredClusterType=UNKNOWN, requiredReplicaSetName='null', serverSelector='null', clusterListeners='[]', serverSelectionTimeout='5000 ms', localThreshold='15 ms'}, socketSettings=SocketSettings{connectTimeoutMS=10000, readTimeoutMS=0, receiveBufferSize=0, proxySettings=ProxySettings{host=null, port=null, username=null, password=null}}, heartbeatSocketSettings=SocketSettings{connectTimeoutMS=10000, readTimeoutMS=10000, receiveBufferSize=0, proxySettings=ProxySettings{host=null, port=null, username=null, password=null}}, connectionPoolSettings=ConnectionPoolSettings{maxSize=100, minSize=0, maxWaitTimeMS=120000, maxConnectionLifeTimeMS=0, maxConnectionIdleTimeMS=0, maintenanceInitialDelayMS=0, maintenanceFrequencyMS=60000, connectionPoolListeners=[io.micrometer.core.instrument.binder.mongodb.MongoMetricsConnectionPoolListener@7c7478ac], maxConnecting=2}, serverSettings=ServerSettings{heartbeatFrequencyMS=10000, minHeartbeatFrequencyMS=500, serverMonitoringMode=AUTO, serverListeners='[]', serverMonitorListeners='[]'}, sslSettings=SslSettings{enabled=false, invalidHostNameAllowed=false, context=null}, applicationName='null', compressorList=[], uuidRepresentation=JAVA_LEGACY, serverApi=null, autoEncryptionSettings=null, dnsClient=null, inetAddressResolver=null, contextProvider=null, timeoutMS=null}
2025-03-28T06:08:40.007-05:00  INFO 269303 --- [localhost:27017] org.mongodb.driver.cluster               : Monitor thread successfully connected to server with description ServerDescription{address=localhost:27017, type=STANDALONE, cryptd=false, state=CONNECTED, ok=true, minWireVersion=0, maxWireVersion=21, maxDocumentSize=16777216, logicalSessionTimeoutMinutes=30, roundTripTimeNanos=18600603, minRoundTripTimeNanos=0}
2025-03-28T06:08:40.722-05:00  INFO 269303 --- [           main] o.s.b.a.e.web.EndpointLinksResolver      : Exposing 6 endpoints beneath base path '/actuator'
2025-03-28T06:08:40.930-05:00  INFO 269303 --- [           main] c.f.c.s.MySpringBootApplicationTest      : Started MySpringBootApplicationTest in 7.164 seconds (process running for 8.188)
2025-03-28T06:08:40.937-05:00  INFO 269303 --- [           main] o.a.c.t.s.j.CamelAnnotationsHandler      : Setting shutdown timeout to [10 SECONDS] on CamelContext with name [camelContext].
2025-03-28T06:08:40.979-05:00  INFO 269303 --- [           main] c.t.s.j.CamelSpringBootExecutionListener : CamelSpringBootExecutionListener before: class com.formadoresit.camel.springboot.MySpringBootApplicationTest.test
2025-03-28T06:08:40.980-05:00  INFO 269303 --- [           main] c.t.s.j.CamelSpringBootExecutionListener : Initialized CamelSpringBootExecutionListener now ready to start CamelContext
2025-03-28T06:08:40.981-05:00  INFO 269303 --- [           main] o.a.c.t.s.j.CamelAnnotationsHandler      : Starting CamelContext with name [camelContext].
2025-03-28T06:08:41.380-05:00  INFO 269303 --- [           main] o.a.c.support.LifecycleStrategySupport   : Autowired property: mongoConnection on component: mongodb as exactly one instance of type: com.mongodb.client.MongoClient (com.mongodb.client.internal.MongoClientImpl) found in the registry
2025-03-28T06:08:41.424-05:00  INFO 269303 --- [           main] o.a.camel.component.jpa.JpaComponent     : Using EntityManagerFactory found in registry with id [entityManagerFactory] org.springframework.orm.jpa.LocalContainerEntityManagerFactoryBean@53c0424a
2025-03-28T06:08:41.425-05:00  INFO 269303 --- [           main] o.a.c.c.jpa.DefaultTransactionStrategy   : Using TransactionManager found in registry with id [transactionManager] org.springframework.orm.jpa.JpaTransactionManager@420307f9
2025-03-28T06:08:41.456-05:00  INFO 269303 --- [           main] o.a.c.support.LifecycleStrategySupport   : Autowired property: dataSource on component: sql as exactly one instance of type: javax.sql.DataSource (com.zaxxer.hikari.HikariDataSource) found in the registry
2025-03-28T06:08:41.579-05:00  INFO 269303 --- [           main] o.a.c.impl.engine.AbstractCamelContext   : Apache Camel 4.10.2 (MyCamel) is starting
2025-03-28T06:08:41.628-05:00  INFO 269303 --- [           main] o.a.c.component.mongodb.MongoDbEndpoint  : Initialising MongoDb endpoint: mongodb://mongodb?collection=data&database=test&operation=insert
2025-03-28T06:08:41.844-05:00  INFO 269303 --- [           main] o.a.c.impl.engine.AbstractCamelContext   : Routes startup (total:16 started:15 rest-dsl:6 disabled:1)
2025-03-28T06:08:41.845-05:00  INFO 269303 --- [           main] o.a.c.impl.engine.AbstractCamelContext   :     Started route1 (direct://getObjects)
2025-03-28T06:08:41.845-05:00  INFO 269303 --- [           main] o.a.c.impl.engine.AbstractCamelContext   :     Started route2 (direct://crearObject)
2025-03-28T06:08:41.845-05:00  INFO 269303 --- [           main] o.a.c.impl.engine.AbstractCamelContext   :     Started route3 (direct://saveInMongo)
2025-03-28T06:08:41.845-05:00  INFO 269303 --- [           main] o.a.c.impl.engine.AbstractCamelContext   :     Started route4 (direct://getAllUsers)
2025-03-28T06:08:41.845-05:00  INFO 269303 --- [           main] o.a.c.impl.engine.AbstractCamelContext   :     Started route5 (direct://getUserById)
2025-03-28T06:08:41.845-05:00  INFO 269303 --- [           main] o.a.c.impl.engine.AbstractCamelContext   :     Started route6 (direct://createUser)
2025-03-28T06:08:41.845-05:00  INFO 269303 --- [           main] o.a.c.impl.engine.AbstractCamelContext   :     Started route7 (rest://get:/users)
2025-03-28T06:08:41.845-05:00  INFO 269303 --- [           main] o.a.c.impl.engine.AbstractCamelContext   :     Started route8 (rest://get:/users:/%7BuserId%7D)
2025-03-28T06:08:41.845-05:00  INFO 269303 --- [           main] o.a.c.impl.engine.AbstractCamelContext   :     Started route9 (rest://get:/users:/filters/by-age/%7Bage%7D)
2025-03-28T06:08:41.846-05:00  INFO 269303 --- [           main] o.a.c.impl.engine.AbstractCamelContext   :     Started route10 (rest://get:/users:/filters/by-age-range)
2025-03-28T06:08:41.846-05:00  INFO 269303 --- [           main] o.a.c.impl.engine.AbstractCamelContext   :     Started route11 (rest://post:/users)
2025-03-28T06:08:41.846-05:00  INFO 269303 --- [           main] o.a.c.impl.engine.AbstractCamelContext   :     Started route12 (rest://post:processors:proxy)
2025-03-28T06:08:41.846-05:00  INFO 269303 --- [           main] o.a.c.impl.engine.AbstractCamelContext   :     Started route13 (direct://notificarNuevoUsuario)
2025-03-28T06:08:41.846-05:00  INFO 269303 --- [           main] o.a.c.impl.engine.AbstractCamelContext   :     Started route14 (activemq://queue:newUsers)
2025-03-28T06:08:41.846-05:00  INFO 269303 --- [           main] o.a.c.impl.engine.AbstractCamelContext   :     Started route15 (direct://insertUserJPA)
2025-03-28T06:08:41.846-05:00  INFO 269303 --- [           main] o.a.c.impl.engine.AbstractCamelContext   :     Disabled main-timer (timer://mainTimer)
2025-03-28T06:08:41.847-05:00  INFO 269303 --- [           main] o.a.c.impl.engine.AbstractCamelContext   : Apache Camel 4.10.2 (MyCamel) started in 267ms (build:0ms init:0ms start:267ms boot:3s596ms)
2025-03-28T06:08:42.327-05:00  INFO 269303 --- [           main] c.f.c.s.MySpringBootApplicationTest      : ********************************************************************************
2025-03-28T06:08:42.327-05:00  INFO 269303 --- [           main] c.f.c.s.MySpringBootApplicationTest      : Testing done: test (com.formadoresit.camel.springboot.MySpringBootApplicationTest)
2025-03-28T06:08:42.328-05:00  INFO 269303 --- [           main] c.f.c.s.MySpringBootApplicationTest      : Took: 477ms (477 millis)
2025-03-28T06:08:42.328-05:00  INFO 269303 --- [           main] c.f.c.s.MySpringBootApplicationTest      : ********************************************************************************
2025-03-28T06:08:42.328-05:00  INFO 269303 --- [           main] c.t.s.j.CamelSpringBootExecutionListener : CamelSpringBootExecutionListener after: class com.formadoresit.camel.springboot.MySpringBootApplicationTest.test
]]></system-out>
  </testcase>
</testsuite>